{"name":"error","length":92,"severity":"FATAL","code":"28P01","file":"auth.c","line":"288","routine":"auth_failed","level":"error"}
{"name":"error","length":92,"severity":"FATAL","code":"28P01","file":"auth.c","line":"288","routine":"auth_failed","level":"error"}
{"name":"error","length":92,"severity":"FATAL","code":"28P01","file":"auth.c","line":"288","routine":"auth_failed","level":"error"}
{"name":"error","length":92,"severity":"FATAL","code":"28P01","file":"auth.c","line":"288","routine":"auth_failed","level":"error"}
{"name":"error","length":92,"severity":"FATAL","code":"28P01","file":"auth.c","line":"288","routine":"auth_failed","level":"error"}
{"name":"error","length":92,"severity":"FATAL","code":"28P01","file":"auth.c","line":"288","routine":"auth_failed","level":"error"}
{"name":"error","length":92,"severity":"FATAL","code":"28P01","file":"auth.c","line":"288","routine":"auth_failed","level":"error"}
{"name":"error","length":92,"severity":"FATAL","code":"28P01","file":"auth.c","line":"288","routine":"auth_failed","level":"error"}
{"name":"error","length":92,"severity":"FATAL","code":"28P01","file":"auth.c","line":"288","routine":"auth_failed","level":"error"}
{"name":"error","length":92,"severity":"FATAL","code":"28P01","file":"auth.c","line":"288","routine":"auth_failed","level":"error"}
{"name":"error","length":92,"severity":"FATAL","code":"28P01","file":"auth.c","line":"288","routine":"auth_failed","level":"error"}
{"message":"Request Error /vietnam - database.getKingdomBoundaries is not a function","level":"error"}
{"message":"Request Error /vietnam - database.getKingdomBoundaries is not a function","level":"error"}
{"message":"Request Error /vietnam - column \"geog\" does not exist","level":"error"}
{"message":"Request Error /vietnam - column \"varname1\" does not exist","level":"error"}
{"message":"Request Error /vietnam - column \"Ha Noi\" does not exist","level":"error"}
{"message":"Request Error /vietnam - column \"Hanoi\" does not exist","level":"error"}
{"message":"Request Error /vietnam - column \"Hanoi\" does not exist","level":"error"}
{"message":"Request Error /vietnam - column \"Ha Noi City|Hanoi\" does not exist","level":"error"}
{"message":"Request Error /vietnam - column \"Can Tho\" does not exist","level":"error"}
{"message":"Request Error /vietnam - column \"Can Tho\" does not exist","level":"error"}
{"name":"error","length":92,"severity":"FATAL","code":"28P01","file":"auth.c","line":"288","routine":"auth_failed","level":"error"}
{"name":"error","length":92,"severity":"FATAL","code":"28P01","file":"auth.c","line":"288","routine":"auth_failed","level":"error"}
{"name":"error","length":92,"severity":"FATAL","code":"28P01","file":"auth.c","line":"288","routine":"auth_failed","level":"error"}
